[0.006s] Invoking command in '/home/collapsar/ws/build/example': CMAKE_PREFIX_PATH=${CMAKE_PREFIX_PATH}:/opt/ros/humble /usr/bin/cmake --build /home/collapsar/ws/build/example -- -j32 -l32
[0.029s] [35m[1mConsolidate compiler generated dependencies of target talker_listener[0m
[0.037s] [ 50%] [32mBuilding CXX object CMakeFiles/talker_listener.dir/src/talker_listener.cpp.o[0m
[1.615s] In file included from [01m[K/home/collapsar/ws/src/example/src/talker_listener.cpp:1[m[K:
[1.615s] [01m[K/home/collapsar/ws/src/example/include/example/topic/talker.hpp:[m[K In constructor ‘[01m[Kdemo::Talker::Talker(const string&)[m[K’:
[1.615s] [01m[K/home/collapsar/ws/src/example/include/example/topic/talker.hpp:16:14:[m[K [01;35m[Kwarning: [m[Kvariable ‘[01m[Ktest[m[K’ set but not used [[01;35m[K]8;;https://gcc.gnu.org/onlinedocs/gcc/Warning-Options.html#index-Wunused-but-set-variable-Wunused-but-set-variable]8;;[m[K]
[1.615s]    16 |         auto [01;35m[Ktest[m[K =[this]()
[1.615s]       |              [01;35m[K^~~~[m[K
[2.635s] [100%] [32m[1mLinking CXX executable talker_listener[0m
[2.813s] [100%] Built target talker_listener
[2.819s] Invoked command in '/home/collapsar/ws/build/example' returned '0': CMAKE_PREFIX_PATH=${CMAKE_PREFIX_PATH}:/opt/ros/humble /usr/bin/cmake --build /home/collapsar/ws/build/example -- -j32 -l32
[2.824s] Invoking command in '/home/collapsar/ws/build/example': CMAKE_PREFIX_PATH=${CMAKE_PREFIX_PATH}:/opt/ros/humble /usr/bin/cmake --install /home/collapsar/ws/build/example
[2.827s] -- Install configuration: "RelWithDebInfo"
[2.827s] -- Installing: /home/collapsar/ws/install/example/lib/example/talker_listener
[2.828s] -- Set runtime path of "/home/collapsar/ws/install/example/lib/example/talker_listener" to ""
[2.828s] -- Up-to-date: /home/collapsar/ws/install/example/include/example
[2.828s] -- Up-to-date: /home/collapsar/ws/install/example/include/example/example
[2.828s] -- Up-to-date: /home/collapsar/ws/install/example/include/example/example/topic
[2.828s] -- Installing: /home/collapsar/ws/install/example/include/example/example/topic/talker.hpp
[2.828s] -- Up-to-date: /home/collapsar/ws/install/example/share/ament_index/resource_index/package_run_dependencies/example
[2.828s] -- Up-to-date: /home/collapsar/ws/install/example/share/ament_index/resource_index/parent_prefix_path/example
[2.828s] -- Up-to-date: /home/collapsar/ws/install/example/share/example/environment/ament_prefix_path.sh
[2.829s] -- Up-to-date: /home/collapsar/ws/install/example/share/example/environment/ament_prefix_path.dsv
[2.829s] -- Up-to-date: /home/collapsar/ws/install/example/share/example/environment/path.sh
[2.829s] -- Up-to-date: /home/collapsar/ws/install/example/share/example/environment/path.dsv
[2.829s] -- Up-to-date: /home/collapsar/ws/install/example/share/example/local_setup.bash
[2.829s] -- Up-to-date: /home/collapsar/ws/install/example/share/example/local_setup.sh
[2.829s] -- Up-to-date: /home/collapsar/ws/install/example/share/example/local_setup.zsh
[2.829s] -- Up-to-date: /home/collapsar/ws/install/example/share/example/local_setup.dsv
[2.829s] -- Installing: /home/collapsar/ws/install/example/share/example/package.dsv
[2.829s] -- Up-to-date: /home/collapsar/ws/install/example/share/ament_index/resource_index/packages/example
[2.829s] -- Up-to-date: /home/collapsar/ws/install/example/share/example/cmake/exampleConfig.cmake
[2.829s] -- Up-to-date: /home/collapsar/ws/install/example/share/example/cmake/exampleConfig-version.cmake
[2.829s] -- Up-to-date: /home/collapsar/ws/install/example/share/example/package.xml
[2.831s] Invoked command in '/home/collapsar/ws/build/example' returned '0': CMAKE_PREFIX_PATH=${CMAKE_PREFIX_PATH}:/opt/ros/humble /usr/bin/cmake --install /home/collapsar/ws/build/example
