[0.007s] Invoking command in '/home/collapsar/ws/build/example': CMAKE_PREFIX_PATH=${CMAKE_PREFIX_PATH}:/opt/ros/humble /usr/bin/cmake --build /home/collapsar/ws/build/example -- -j32 -l32
[0.030s] [35m[1mConsolidate compiler generated dependencies of target talker_listener[0m
[0.039s] [ 50%] [32mBuilding CXX object CMakeFiles/talker_listener.dir/src/talker_listener.cpp.o[0m
[1.623s] In file included from [01m[K/home/collapsar/ws/src/example/src/talker_listener.cpp:1[m[K:
[1.623s] [01m[K/home/collapsar/ws/src/example/include/example/topic/talker.hpp:[m[K In constructor ‘[01m[Kdemo::Talker::Talker(const string&)[m[K’:
[1.623s] [01m[K/home/collapsar/ws/src/example/include/example/topic/talker.hpp:21:14:[m[K [01;35m[Kwarning: [m[Kvariable ‘[01m[Kpub_msg[m[K’ set but not used [[01;35m[K]8;;https://gcc.gnu.org/onlinedocs/gcc/Warning-Options.html#index-Wunused-but-set-variable-Wunused-but-set-variable]8;;[m[K]
[1.624s]    21 |         auto [01;35m[Kpub_msg[m[K = [this]()->void
[1.624s]       |              [01;35m[K^~~~~~~[m[K
[2.674s] [100%] [32m[1mLinking CXX executable talker_listener[0m
[2.859s] [100%] Built target talker_listener
[2.866s] Invoked command in '/home/collapsar/ws/build/example' returned '0': CMAKE_PREFIX_PATH=${CMAKE_PREFIX_PATH}:/opt/ros/humble /usr/bin/cmake --build /home/collapsar/ws/build/example -- -j32 -l32
[2.872s] Invoking command in '/home/collapsar/ws/build/example': CMAKE_PREFIX_PATH=${CMAKE_PREFIX_PATH}:/opt/ros/humble /usr/bin/cmake --install /home/collapsar/ws/build/example
[2.875s] -- Install configuration: "RelWithDebInfo"
[2.875s] -- Installing: /home/collapsar/ws/install/example/lib/example/talker_listener
[2.876s] -- Set runtime path of "/home/collapsar/ws/install/example/lib/example/talker_listener" to ""
[2.876s] -- Up-to-date: /home/collapsar/ws/install/example/include/example
[2.876s] -- Up-to-date: /home/collapsar/ws/install/example/include/example/example
[2.877s] -- Up-to-date: /home/collapsar/ws/install/example/include/example/example/topic
[2.877s] -- Installing: /home/collapsar/ws/install/example/include/example/example/topic/talker.hpp
[2.877s] -- Up-to-date: /home/collapsar/ws/install/example/share/ament_index/resource_index/package_run_dependencies/example
[2.877s] -- Up-to-date: /home/collapsar/ws/install/example/share/ament_index/resource_index/parent_prefix_path/example
[2.877s] -- Up-to-date: /home/collapsar/ws/install/example/share/example/environment/ament_prefix_path.sh
[2.877s] -- Up-to-date: /home/collapsar/ws/install/example/share/example/environment/ament_prefix_path.dsv
[2.877s] -- Up-to-date: /home/collapsar/ws/install/example/share/example/environment/path.sh
[2.877s] -- Up-to-date: /home/collapsar/ws/install/example/share/example/environment/path.dsv
[2.877s] -- Up-to-date: /home/collapsar/ws/install/example/share/example/local_setup.bash
[2.877s] -- Up-to-date: /home/collapsar/ws/install/example/share/example/local_setup.sh
[2.877s] -- Up-to-date: /home/collapsar/ws/install/example/share/example/local_setup.zsh
[2.877s] -- Up-to-date: /home/collapsar/ws/install/example/share/example/local_setup.dsv
[2.879s] -- Installing: /home/collapsar/ws/install/example/share/example/package.dsv
[2.879s] -- Up-to-date: /home/collapsar/ws/install/example/share/ament_index/resource_index/packages/example
[2.879s] -- Up-to-date: /home/collapsar/ws/install/example/share/example/cmake/exampleConfig.cmake
[2.879s] -- Up-to-date: /home/collapsar/ws/install/example/share/example/cmake/exampleConfig-version.cmake
[2.879s] -- Up-to-date: /home/collapsar/ws/install/example/share/example/package.xml
[2.880s] Invoked command in '/home/collapsar/ws/build/example' returned '0': CMAKE_PREFIX_PATH=${CMAKE_PREFIX_PATH}:/opt/ros/humble /usr/bin/cmake --install /home/collapsar/ws/build/example
