[0.009s] Invoking command in '/home/collapsar/ws/build/example': CMAKE_PREFIX_PATH=${CMAKE_PREFIX_PATH}:/opt/ros/humble /usr/bin/cmake --build /home/collapsar/ws/build/example -- -j32 -l32
[0.027s] -- Found ament_cmake: 1.3.11 (/opt/ros/humble/share/ament_cmake/cmake)
[0.127s] -- Found rclcpp: 16.0.11 (/opt/ros/humble/share/rclcpp/cmake)
[0.313s] -- Found rosidl_generator_c: 3.1.6 (/opt/ros/humble/share/rosidl_generator_c/cmake)
[0.317s] -- Found rosidl_adapter: 3.1.6 (/opt/ros/humble/share/rosidl_adapter/cmake)
[0.324s] -- Found rosidl_generator_cpp: 3.1.6 (/opt/ros/humble/share/rosidl_generator_cpp/cmake)
[0.334s] -- Using all available rosidl_typesupport_c: rosidl_typesupport_fastrtps_c;rosidl_typesupport_introspection_c
[0.348s] -- Using all available rosidl_typesupport_cpp: rosidl_typesupport_fastrtps_cpp;rosidl_typesupport_introspection_cpp
[0.385s] -- Found rmw_implementation_cmake: 6.1.2 (/opt/ros/humble/share/rmw_implementation_cmake/cmake)
[0.388s] -- Found rmw_fastrtps_cpp: 6.2.7 (/opt/ros/humble/share/rmw_fastrtps_cpp/cmake)
[6.062s] -- Using RMW implementation 'rmw_fastrtps_cpp' as default
[6.115s] -- Found ament_lint_auto: 0.12.11 (/opt/ros/humble/share/ament_lint_auto/cmake)
[6.164s] -- Added test 'cppcheck' to perform static code analysis on C / C++ code
[6.164s] -- Configured cppcheck include dirs: /home/collapsar/ws/src/example/include
[6.164s] -- Configured cppcheck exclude dirs and/or files: 
[6.165s] -- Added test 'lint_cmake' to check CMake code style
[6.166s] -- Added test 'uncrustify' to check C / C++ code style
[6.166s] -- Configured uncrustify additional arguments: 
[6.166s] -- Added test 'xmllint' to check XML markup files
[6.167s] -- Configuring done
[6.169s] [31mCMake Error at CMakeLists.txt:20 (add_executable):
[6.170s]   Cannot find source file:
[6.170s] 
[6.170s]     listener.hpp
[6.170s] 
[6.170s]   Tried extensions .c .C .c++ .cc .cpp .cxx .cu .mpp .m .M .mm .ixx .cppm .h
[6.170s]   .hh .h++ .hm .hpp .hxx .in .txx .f .F .for .f77 .f90 .f95 .f03 .hip .ispc
[6.170s] 
[6.170s] [0m
[6.170s] [31mCMake Error at CMakeLists.txt:20 (add_executable):
[6.170s]   No SOURCES given to target: talker.hpp
[6.170s] 
[6.170s] [0m
[6.170s] [0mCMake Generate step failed.  Build files cannot be regenerated correctly.[0m
[6.174s] gmake: *** [Makefile:267: cmake_check_build_system] Error 1
[6.176s] Invoked command in '/home/collapsar/ws/build/example' returned '2': CMAKE_PREFIX_PATH=${CMAKE_PREFIX_PATH}:/opt/ros/humble /usr/bin/cmake --build /home/collapsar/ws/build/example -- -j32 -l32
