[0.007s] Invoking command in '/home/collapsar/ws/build/example': CMAKE_PREFIX_PATH=/opt/ros/humble /usr/bin/cmake --build /home/collapsar/ws/build/example -- -j32 -l32
[0.034s] [ 50%] [32mBuilding CXX object CMakeFiles/talker_listener.dir/src/talker_listener.cpp.o[0m
[0.178s] [01m[K/home/collapsar/ws/src/example/src/talker_listener.cpp:[m[K In function ‘[01m[Kint main(int, char**)[m[K’:
[0.178s] [01m[K/home/collapsar/ws/src/example/src/talker_listener.cpp:5:14:[m[K [01;35m[Kwarning: [m[Kunused parameter ‘[01m[Kargc[m[K’ [[01;35m[K]8;;https://gcc.gnu.org/onlinedocs/gcc/Warning-Options.html#index-Wunused-parameter-Wunused-parameter]8;;[m[K]
[0.178s]     5 | int main([01;35m[Kint argc[m[K,char **argv)
[0.178s]       |          [01;35m[K~~~~^~~~[m[K
[0.178s] [01m[K/home/collapsar/ws/src/example/src/talker_listener.cpp:5:26:[m[K [01;35m[Kwarning: [m[Kunused parameter ‘[01m[Kargv[m[K’ [[01;35m[K]8;;https://gcc.gnu.org/onlinedocs/gcc/Warning-Options.html#index-Wunused-parameter-Wunused-parameter]8;;[m[K]
[0.178s]     5 | int main(int argc,[01;35m[Kchar **argv[m[K)
[0.178s]       |                   [01;35m[K~~~~~~~^~~~[m[K
[0.238s] [100%] [32m[1mLinking CXX executable talker_listener[0m
[0.417s] [100%] Built target talker_listener
[0.424s] Invoked command in '/home/collapsar/ws/build/example' returned '0': CMAKE_PREFIX_PATH=/opt/ros/humble /usr/bin/cmake --build /home/collapsar/ws/build/example -- -j32 -l32
[0.429s] Invoking command in '/home/collapsar/ws/build/example': CMAKE_PREFIX_PATH=/opt/ros/humble /usr/bin/cmake --install /home/collapsar/ws/build/example
[0.431s] -- Install configuration: "RelWithDebInfo"
[0.431s] -- Up-to-date: /home/collapsar/ws/install/example/share/ament_index/resource_index/package_run_dependencies/example
[0.431s] -- Up-to-date: /home/collapsar/ws/install/example/share/ament_index/resource_index/parent_prefix_path/example
[0.431s] -- Up-to-date: /home/collapsar/ws/install/example/share/example/environment/ament_prefix_path.sh
[0.431s] -- Installing: /home/collapsar/ws/install/example/share/example/environment/ament_prefix_path.dsv
[0.432s] -- Up-to-date: /home/collapsar/ws/install/example/share/example/environment/path.sh
[0.432s] -- Installing: /home/collapsar/ws/install/example/share/example/environment/path.dsv
[0.432s] -- Up-to-date: /home/collapsar/ws/install/example/share/example/local_setup.bash
[0.432s] -- Up-to-date: /home/collapsar/ws/install/example/share/example/local_setup.sh
[0.432s] -- Up-to-date: /home/collapsar/ws/install/example/share/example/local_setup.zsh
[0.432s] -- Installing: /home/collapsar/ws/install/example/share/example/local_setup.dsv
[0.432s] -- Installing: /home/collapsar/ws/install/example/share/example/package.dsv
[0.432s] -- Up-to-date: /home/collapsar/ws/install/example/share/ament_index/resource_index/packages/example
[0.432s] -- Up-to-date: /home/collapsar/ws/install/example/share/example/cmake/exampleConfig.cmake
[0.433s] -- Up-to-date: /home/collapsar/ws/install/example/share/example/cmake/exampleConfig-version.cmake
[0.433s] -- Up-to-date: /home/collapsar/ws/install/example/share/example/package.xml
[0.434s] Invoked command in '/home/collapsar/ws/build/example' returned '0': CMAKE_PREFIX_PATH=/opt/ros/humble /usr/bin/cmake --install /home/collapsar/ws/build/example
