-- Found ament_cmake: 1.3.11 (/opt/ros/humble/share/ament_cmake/cmake)
-- Found rclcpp: 16.0.11 (/opt/ros/humble/share/rclcpp/cmake)
-- Found rosidl_generator_c: 3.1.6 (/opt/ros/humble/share/rosidl_generator_c/cmake)
-- Found rosidl_adapter: 3.1.6 (/opt/ros/humble/share/rosidl_adapter/cmake)
-- Found rosidl_generator_cpp: 3.1.6 (/opt/ros/humble/share/rosidl_generator_cpp/cmake)
-- Using all available rosidl_typesupport_c: rosidl_typesupport_fastrtps_c;rosidl_typesupport_introspection_c
-- Using all available rosidl_typesupport_cpp: rosidl_typesupport_fastrtps_cpp;rosidl_typesupport_introspection_cpp
-- Found rmw_implementation_cmake: 6.1.2 (/opt/ros/humble/share/rmw_implementation_cmake/cmake)
-- Found rmw_fastrtps_cpp: 6.2.7 (/opt/ros/humble/share/rmw_fastrtps_cpp/cmake)
-- Found OpenSSL: /usr/lib/x86_64-linux-gnu/libcrypto.so (found version "3.0.2")  
-- Found FastRTPS: /opt/ros/humble/include  
-- Using RMW implementation 'rmw_fastrtps_cpp' as default
-- Looking for pthread.h
-- Looking for pthread.h - found
-- Performing Test CMAKE_HAVE_LIBC_PTHREAD
-- Performing Test CMAKE_HAVE_LIBC_PTHREAD - Success
-- Found Threads: TRUE  
-- Found ament_lint_auto: 0.12.11 (/opt/ros/humble/share/ament_lint_auto/cmake)
-- Added test 'cppcheck' to perform static code analysis on C / C++ code
-- Configured cppcheck include dirs: 
-- Configured cppcheck exclude dirs and/or files: 
-- Added test 'lint_cmake' to check CMake code style
-- Added test 'uncrustify' to check C / C++ code style
-- Configured uncrustify additional arguments: 
-- Added test 'xmllint' to check XML markup files
-- Configuring done
-- Generating done
-- Build files have been written to: /home/collapsar/ws/build/example
[ 50%] [32mBuilding CXX object CMakeFiles/talker_listener.dir/src/talker_listener.cpp.o[0m
[01m[K/home/collapsar/ws/src/example/src/talker_listener.cpp:[m[K In function ‘[01m[Kint main(int, char**)[m[K’:
[01m[K/home/collapsar/ws/src/example/src/talker_listener.cpp:4:14:[m[K [01;35m[Kwarning: [m[Kunused parameter ‘[01m[Kargc[m[K’ [[01;35m[K]8;;https://gcc.gnu.org/onlinedocs/gcc/Warning-Options.html#index-Wunused-parameter-Wunused-parameter]8;;[m[K]
    4 | int main([01;35m[Kint argc[m[K,char **argv)
      |          [01;35m[K~~~~^~~~[m[K
[01m[K/home/collapsar/ws/src/example/src/talker_listener.cpp:4:26:[m[K [01;35m[Kwarning: [m[Kunused parameter ‘[01m[Kargv[m[K’ [[01;35m[K]8;;https://gcc.gnu.org/onlinedocs/gcc/Warning-Options.html#index-Wunused-parameter-Wunused-parameter]8;;[m[K]
    4 | int main(int argc,[01;35m[Kchar **argv[m[K)
      |                   [01;35m[K~~~~~~~^~~~[m[K
[100%] [32m[1mLinking CXX executable talker_listener[0m
[100%] Built target talker_listener
-- Install configuration: "RelWithDebInfo"
-- Up-to-date: /home/collapsar/ws/install/example/share/ament_index/resource_index/package_run_dependencies/example
-- Up-to-date: /home/collapsar/ws/install/example/share/ament_index/resource_index/parent_prefix_path/example
-- Up-to-date: /home/collapsar/ws/install/example/share/example/environment/ament_prefix_path.sh
-- Installing: /home/collapsar/ws/install/example/share/example/environment/ament_prefix_path.dsv
-- Up-to-date: /home/collapsar/ws/install/example/share/example/environment/path.sh
-- Installing: /home/collapsar/ws/install/example/share/example/environment/path.dsv
-- Up-to-date: /home/collapsar/ws/install/example/share/example/local_setup.bash
-- Up-to-date: /home/collapsar/ws/install/example/share/example/local_setup.sh
-- Up-to-date: /home/collapsar/ws/install/example/share/example/local_setup.zsh
-- Installing: /home/collapsar/ws/install/example/share/example/local_setup.dsv
-- Installing: /home/collapsar/ws/install/example/share/example/package.dsv
-- Up-to-date: /home/collapsar/ws/install/example/share/ament_index/resource_index/packages/example
-- Up-to-date: /home/collapsar/ws/install/example/share/example/cmake/exampleConfig.cmake
-- Up-to-date: /home/collapsar/ws/install/example/share/example/cmake/exampleConfig-version.cmake
-- Installing: /home/collapsar/ws/install/example/share/example/package.xml
