[0.008s] Invoking command in '/home/collapsar/ws/build/example': CMAKE_PREFIX_PATH=/opt/ros/humble /usr/bin/cmake --build /home/collapsar/ws/build/example -- -j32 -l32
[0.026s] -- Found ament_cmake: 1.3.11 (/opt/ros/humble/share/ament_cmake/cmake)
[0.133s] -- Found rclcpp: 16.0.11 (/opt/ros/humble/share/rclcpp/cmake)
[0.309s] -- Found rosidl_generator_c: 3.1.6 (/opt/ros/humble/share/rosidl_generator_c/cmake)
[0.314s] -- Found rosidl_adapter: 3.1.6 (/opt/ros/humble/share/rosidl_adapter/cmake)
[0.325s] -- Found rosidl_generator_cpp: 3.1.6 (/opt/ros/humble/share/rosidl_generator_cpp/cmake)
[0.341s] -- Using all available rosidl_typesupport_c: rosidl_typesupport_fastrtps_c;rosidl_typesupport_introspection_c
[0.356s] -- Using all available rosidl_typesupport_cpp: rosidl_typesupport_fastrtps_cpp;rosidl_typesupport_introspection_cpp
[0.399s] -- Found rmw_implementation_cmake: 6.1.2 (/opt/ros/humble/share/rmw_implementation_cmake/cmake)
[0.403s] -- Found rmw_fastrtps_cpp: 6.2.7 (/opt/ros/humble/share/rmw_fastrtps_cpp/cmake)
[1.717s] -- Found OpenSSL: /usr/lib/x86_64-linux-gnu/libcrypto.so (found version "3.0.2")  
[2.994s] -- Found FastRTPS: /opt/ros/humble/include  
[5.578s] -- Using RMW implementation 'rmw_fastrtps_cpp' as default
[5.590s] -- Looking for pthread.h
[5.822s] -- Looking for pthread.h - found
[5.822s] -- Performing Test CMAKE_HAVE_LIBC_PTHREAD
[5.962s] -- Performing Test CMAKE_HAVE_LIBC_PTHREAD - Success
[5.962s] -- Found Threads: TRUE  
[6.016s] -- Found ament_lint_auto: 0.12.11 (/opt/ros/humble/share/ament_lint_auto/cmake)
[6.068s] -- Added test 'cppcheck' to perform static code analysis on C / C++ code
[6.068s] -- Configured cppcheck include dirs: 
[6.068s] -- Configured cppcheck exclude dirs and/or files: 
[6.068s] -- Added test 'lint_cmake' to check CMake code style
[6.069s] -- Added test 'uncrustify' to check C / C++ code style
[6.069s] -- Configured uncrustify additional arguments: 
[6.069s] -- Added test 'xmllint' to check XML markup files
[6.071s] -- Configuring done
[6.081s] -- Generating done
[6.084s] -- Build files have been written to: /home/collapsar/ws/build/example
[6.103s] [ 50%] [32mBuilding CXX object CMakeFiles/talker_listener.dir/src/talker_listener.cpp.o[0m
[6.320s] [01m[K/home/collapsar/ws/src/example/src/talker_listener.cpp:[m[K In function ‘[01m[Kint main(int, char**)[m[K’:
[6.320s] [01m[K/home/collapsar/ws/src/example/src/talker_listener.cpp:4:14:[m[K [01;35m[Kwarning: [m[Kunused parameter ‘[01m[Kargc[m[K’ [[01;35m[K]8;;https://gcc.gnu.org/onlinedocs/gcc/Warning-Options.html#index-Wunused-parameter-Wunused-parameter]8;;[m[K]
[6.320s]     4 | int main([01;35m[Kint argc[m[K,char **argv)
[6.320s]       |          [01;35m[K~~~~^~~~[m[K
[6.320s] [01m[K/home/collapsar/ws/src/example/src/talker_listener.cpp:4:26:[m[K [01;35m[Kwarning: [m[Kunused parameter ‘[01m[Kargv[m[K’ [[01;35m[K]8;;https://gcc.gnu.org/onlinedocs/gcc/Warning-Options.html#index-Wunused-parameter-Wunused-parameter]8;;[m[K]
[6.320s]     4 | int main(int argc,[01;35m[Kchar **argv[m[K)
[6.320s]       |                   [01;35m[K~~~~~~~^~~~[m[K
[6.371s] [100%] [32m[1mLinking CXX executable talker_listener[0m
[6.537s] [100%] Built target talker_listener
[6.544s] Invoked command in '/home/collapsar/ws/build/example' returned '0': CMAKE_PREFIX_PATH=/opt/ros/humble /usr/bin/cmake --build /home/collapsar/ws/build/example -- -j32 -l32
[6.550s] Invoking command in '/home/collapsar/ws/build/example': CMAKE_PREFIX_PATH=/opt/ros/humble /usr/bin/cmake --install /home/collapsar/ws/build/example
[6.554s] -- Install configuration: "RelWithDebInfo"
[6.554s] -- Up-to-date: /home/collapsar/ws/install/example/share/ament_index/resource_index/package_run_dependencies/example
[6.554s] -- Up-to-date: /home/collapsar/ws/install/example/share/ament_index/resource_index/parent_prefix_path/example
[6.554s] -- Up-to-date: /home/collapsar/ws/install/example/share/example/environment/ament_prefix_path.sh
[6.554s] -- Installing: /home/collapsar/ws/install/example/share/example/environment/ament_prefix_path.dsv
[6.554s] -- Up-to-date: /home/collapsar/ws/install/example/share/example/environment/path.sh
[6.554s] -- Installing: /home/collapsar/ws/install/example/share/example/environment/path.dsv
[6.554s] -- Up-to-date: /home/collapsar/ws/install/example/share/example/local_setup.bash
[6.554s] -- Up-to-date: /home/collapsar/ws/install/example/share/example/local_setup.sh
[6.554s] -- Up-to-date: /home/collapsar/ws/install/example/share/example/local_setup.zsh
[6.555s] -- Installing: /home/collapsar/ws/install/example/share/example/local_setup.dsv
[6.555s] -- Installing: /home/collapsar/ws/install/example/share/example/package.dsv
[6.555s] -- Up-to-date: /home/collapsar/ws/install/example/share/ament_index/resource_index/packages/example
[6.555s] -- Up-to-date: /home/collapsar/ws/install/example/share/example/cmake/exampleConfig.cmake
[6.555s] -- Up-to-date: /home/collapsar/ws/install/example/share/example/cmake/exampleConfig-version.cmake
[6.555s] -- Installing: /home/collapsar/ws/install/example/share/example/package.xml
[6.556s] Invoked command in '/home/collapsar/ws/build/example' returned '0': CMAKE_PREFIX_PATH=/opt/ros/humble /usr/bin/cmake --install /home/collapsar/ws/build/example
