[0.011s] Invoking command in '/home/collapsar/ws/build/example': CMAKE_PREFIX_PATH=/opt/ros/humble /usr/bin/cmake /home/collapsar/ws/src/example -DCMAKE_BUILD_TYPE=RelWithDebInfo -DCMAKE_EXPORT_COMPILE_COMMANDS=On -Wall -Wextra -Wpedantic -DCMAKE_INSTALL_PREFIX=/home/collapsar/ws/install/example
[0.182s] -- The C compiler identification is GNU 11.4.0
[0.762s] -- The CXX compiler identification is GNU 11.4.0
[1.114s] -- Detecting C compiler ABI info
[1.225s] -- Detecting C compiler ABI info - done
[1.229s] -- Check for working C compiler: /usr/bin/cc - skipped
[1.229s] -- Detecting C compile features
[1.230s] -- Detecting C compile features - done
[1.233s] -- Detecting CXX compiler ABI info
[1.384s] -- Detecting CXX compiler ABI info - done
[1.388s] -- Check for working CXX compiler: /usr/bin/c++ - skipped
[1.388s] -- Detecting CXX compile features
[1.389s] -- Detecting CXX compile features - done
[1.396s] -- Found ament_cmake: 1.3.11 (/opt/ros/humble/share/ament_cmake/cmake)
[1.486s] -- Found Python3: /usr/bin/python3 (found version "3.10.12") found components: Interpreter 
[1.552s] [31mCMake Error at CMakeLists.txt:13 (find_package):
[1.552s]   find_package called with incorrect number of arguments
[1.552s] 
[1.552s] [0m
[1.553s] -- Found ament_lint_auto: 0.12.11 (/opt/ros/humble/share/ament_lint_auto/cmake)
[1.601s] -- Added test 'cppcheck' to perform static code analysis on C / C++ code
[1.601s] -- Configured cppcheck include dirs: 
[1.601s] -- Configured cppcheck exclude dirs and/or files: 
[1.602s] -- Added test 'lint_cmake' to check CMake code style
[1.603s] -- Added test 'uncrustify' to check C / C++ code style
[1.603s] -- Configured uncrustify additional arguments: 
[1.603s] -- Added test 'xmllint' to check XML markup files
[1.605s] -- Configuring incomplete, errors occurred!
[1.605s] See also "/home/collapsar/ws/build/example/CMakeFiles/CMakeOutput.log".
[1.609s] Invoked command in '/home/collapsar/ws/build/example' returned '1': CMAKE_PREFIX_PATH=/opt/ros/humble /usr/bin/cmake /home/collapsar/ws/src/example -DCMAKE_BUILD_TYPE=RelWithDebInfo -DCMAKE_EXPORT_COMPILE_COMMANDS=On -Wall -Wextra -Wpedantic -DCMAKE_INSTALL_PREFIX=/home/collapsar/ws/install/example
