[0.007s] Invoking command in '/home/collapsar/ws/build/example': CMAKE_PREFIX_PATH=/opt/ros/humble /usr/bin/cmake --build /home/collapsar/ws/build/example -- -j32 -l32
[0.027s] -- Found ament_cmake: 1.3.11 (/opt/ros/humble/share/ament_cmake/cmake)
[0.123s] -- Found rclcpp: 16.0.11 (/opt/ros/humble/share/rclcpp/cmake)
[0.297s] -- Found rosidl_generator_c: 3.1.6 (/opt/ros/humble/share/rosidl_generator_c/cmake)
[0.299s] -- Found rosidl_adapter: 3.1.6 (/opt/ros/humble/share/rosidl_adapter/cmake)
[0.307s] -- Found rosidl_generator_cpp: 3.1.6 (/opt/ros/humble/share/rosidl_generator_cpp/cmake)
[0.321s] -- Using all available rosidl_typesupport_c: rosidl_typesupport_fastrtps_c;rosidl_typesupport_introspection_c
[0.335s] -- Using all available rosidl_typesupport_cpp: rosidl_typesupport_fastrtps_cpp;rosidl_typesupport_introspection_cpp
[0.373s] -- Found rmw_implementation_cmake: 6.1.2 (/opt/ros/humble/share/rmw_implementation_cmake/cmake)
[0.375s] -- Found rmw_fastrtps_cpp: 6.2.7 (/opt/ros/humble/share/rmw_fastrtps_cpp/cmake)
[5.654s] -- Using RMW implementation 'rmw_fastrtps_cpp' as default
[5.705s] -- Found ament_lint_auto: 0.12.11 (/opt/ros/humble/share/ament_lint_auto/cmake)
[5.754s] -- Added test 'cppcheck' to perform static code analysis on C / C++ code
[5.754s] -- Configured cppcheck include dirs: /home/collapsar/ws/src/example/include
[5.754s] -- Configured cppcheck exclude dirs and/or files: 
[5.755s] -- Added test 'lint_cmake' to check CMake code style
[5.756s] -- Added test 'uncrustify' to check C / C++ code style
[5.756s] -- Configured uncrustify additional arguments: 
[5.756s] -- Added test 'xmllint' to check XML markup files
[5.758s] -- Configuring done
[5.768s] -- Generating done
[5.771s] -- Build files have been written to: /home/collapsar/ws/build/example
[5.787s] [35m[1mConsolidate compiler generated dependencies of target talker_listener[0m
[5.796s] [ 50%] [32mBuilding CXX object CMakeFiles/talker_listener.dir/src/talker_listener.cpp.o[0m
[8.706s] [100%] [32m[1mLinking CXX executable talker_listener[0m
[8.886s] [100%] Built target talker_listener
[8.894s] Invoked command in '/home/collapsar/ws/build/example' returned '0': CMAKE_PREFIX_PATH=/opt/ros/humble /usr/bin/cmake --build /home/collapsar/ws/build/example -- -j32 -l32
[8.899s] Invoking command in '/home/collapsar/ws/build/example': CMAKE_PREFIX_PATH=/opt/ros/humble /usr/bin/cmake --install /home/collapsar/ws/build/example
[8.902s] -- Install configuration: "RelWithDebInfo"
[8.903s] -- Installing: /home/collapsar/ws/install/example/lib/example/talker_listener
[8.904s] -- Set runtime path of "/home/collapsar/ws/install/example/lib/example/talker_listener" to ""
[8.905s] -- Installing: /home/collapsar/ws/install/example/include/example
[8.905s] -- Installing: /home/collapsar/ws/install/example/include/example/example
[8.905s] -- Installing: /home/collapsar/ws/install/example/include/example/example/topic
[8.906s] -- Installing: /home/collapsar/ws/install/example/include/example/example/topic/talker.hpp
[8.906s] -- Up-to-date: /home/collapsar/ws/install/example/share/ament_index/resource_index/package_run_dependencies/example
[8.906s] -- Up-to-date: /home/collapsar/ws/install/example/share/ament_index/resource_index/parent_prefix_path/example
[8.906s] -- Up-to-date: /home/collapsar/ws/install/example/share/example/environment/ament_prefix_path.sh
[8.906s] -- Installing: /home/collapsar/ws/install/example/share/example/environment/ament_prefix_path.dsv
[8.907s] -- Up-to-date: /home/collapsar/ws/install/example/share/example/environment/path.sh
[8.907s] -- Installing: /home/collapsar/ws/install/example/share/example/environment/path.dsv
[8.907s] -- Up-to-date: /home/collapsar/ws/install/example/share/example/local_setup.bash
[8.907s] -- Up-to-date: /home/collapsar/ws/install/example/share/example/local_setup.sh
[8.907s] -- Up-to-date: /home/collapsar/ws/install/example/share/example/local_setup.zsh
[8.907s] -- Installing: /home/collapsar/ws/install/example/share/example/local_setup.dsv
[8.907s] -- Installing: /home/collapsar/ws/install/example/share/example/package.dsv
[8.907s] -- Up-to-date: /home/collapsar/ws/install/example/share/ament_index/resource_index/packages/example
[8.907s] -- Up-to-date: /home/collapsar/ws/install/example/share/example/cmake/exampleConfig.cmake
[8.907s] -- Up-to-date: /home/collapsar/ws/install/example/share/example/cmake/exampleConfig-version.cmake
[8.907s] -- Up-to-date: /home/collapsar/ws/install/example/share/example/package.xml
[8.909s] Invoked command in '/home/collapsar/ws/build/example' returned '0': CMAKE_PREFIX_PATH=/opt/ros/humble /usr/bin/cmake --install /home/collapsar/ws/build/example
