-- Found ament_cmake: 1.3.11 (/opt/ros/humble/share/ament_cmake/cmake)
-- Found ament_lint_auto: 0.12.11 (/opt/ros/humble/share/ament_lint_auto/cmake)
-- Added test 'cppcheck' to perform static code analysis on C / C++ code
-- Configured cppcheck include dirs: 
-- Configured cppcheck exclude dirs and/or files: 
-- Added test 'lint_cmake' to check CMake code style
-- Added test 'uncrustify' to check C / C++ code style
-- Configured uncrustify additional arguments: 
-- Added test 'xmllint' to check XML markup files
-- Configuring done
-- Generating done
-- Build files have been written to: /home/collapsar/ws/build/example
-- Install configuration: "RelWithDebInfo"
-- Installing: /home/collapsar/ws/install/example/share/ament_index/resource_index/package_run_dependencies/example
-- Installing: /home/collapsar/ws/install/example/share/ament_index/resource_index/parent_prefix_path/example
-- Installing: /home/collapsar/ws/install/example/share/example/environment/ament_prefix_path.sh
-- Installing: /home/collapsar/ws/install/example/share/example/environment/ament_prefix_path.dsv
-- Installing: /home/collapsar/ws/install/example/share/example/environment/path.sh
-- Installing: /home/collapsar/ws/install/example/share/example/environment/path.dsv
-- Installing: /home/collapsar/ws/install/example/share/example/local_setup.bash
-- Installing: /home/collapsar/ws/install/example/share/example/local_setup.sh
-- Installing: /home/collapsar/ws/install/example/share/example/local_setup.zsh
-- Installing: /home/collapsar/ws/install/example/share/example/local_setup.dsv
-- Installing: /home/collapsar/ws/install/example/share/example/package.dsv
-- Installing: /home/collapsar/ws/install/example/share/ament_index/resource_index/packages/example
-- Installing: /home/collapsar/ws/install/example/share/example/cmake/exampleConfig.cmake
-- Installing: /home/collapsar/ws/install/example/share/example/cmake/exampleConfig-version.cmake
-- Installing: /home/collapsar/ws/install/example/share/example/package.xml
