[0.007s] Invoking command in '/home/collapsar/ws/build/example': CMAKE_PREFIX_PATH=/opt/ros/humble /usr/bin/cmake /home/collapsar/ws/src/example -DCMAKE_BUILD_TYPE=RelWithDebInfo -DCMAKE_EXPORT_COMPILE_COMMANDS=On -Wall -Wextra -Wpedantic -DCMAKE_INSTALL_PREFIX=/home/collapsar/ws/install/example
[0.012s] -- Found ament_cmake: 1.3.11 (/opt/ros/humble/share/ament_cmake/cmake)
[0.078s] -- Found ament_lint_auto: 0.12.11 (/opt/ros/humble/share/ament_lint_auto/cmake)
[0.114s] -- Added test 'cppcheck' to perform static code analysis on C / C++ code
[0.115s] -- Configured cppcheck include dirs: 
[0.115s] -- Configured cppcheck exclude dirs and/or files: 
[0.115s] -- Added test 'lint_cmake' to check CMake code style
[0.115s] -- Added test 'uncrustify' to check C / C++ code style
[0.115s] -- Configured uncrustify additional arguments: 
[0.115s] -- Added test 'xmllint' to check XML markup files
[0.115s] -- Configuring done
[0.117s] -- Generating done
[0.118s] -- Build files have been written to: /home/collapsar/ws/build/example
[0.119s] Invoked command in '/home/collapsar/ws/build/example' returned '0': CMAKE_PREFIX_PATH=/opt/ros/humble /usr/bin/cmake /home/collapsar/ws/src/example -DCMAKE_BUILD_TYPE=RelWithDebInfo -DCMAKE_EXPORT_COMPILE_COMMANDS=On -Wall -Wextra -Wpedantic -DCMAKE_INSTALL_PREFIX=/home/collapsar/ws/install/example
[0.121s] Invoking command in '/home/collapsar/ws/build/example': CMAKE_PREFIX_PATH=/opt/ros/humble /usr/bin/cmake --build /home/collapsar/ws/build/example -- -j32 -l32
[0.141s] Invoked command in '/home/collapsar/ws/build/example' returned '0': CMAKE_PREFIX_PATH=/opt/ros/humble /usr/bin/cmake --build /home/collapsar/ws/build/example -- -j32 -l32
[0.145s] Invoking command in '/home/collapsar/ws/build/example': CMAKE_PREFIX_PATH=/opt/ros/humble /usr/bin/cmake --install /home/collapsar/ws/build/example
[0.148s] -- Install configuration: "RelWithDebInfo"
[0.149s] -- Installing: /home/collapsar/ws/install/example/share/ament_index/resource_index/package_run_dependencies/example
[0.149s] -- Installing: /home/collapsar/ws/install/example/share/ament_index/resource_index/parent_prefix_path/example
[0.149s] -- Installing: /home/collapsar/ws/install/example/share/example/environment/ament_prefix_path.sh
[0.149s] -- Installing: /home/collapsar/ws/install/example/share/example/environment/ament_prefix_path.dsv
[0.149s] -- Installing: /home/collapsar/ws/install/example/share/example/environment/path.sh
[0.149s] -- Installing: /home/collapsar/ws/install/example/share/example/environment/path.dsv
[0.149s] -- Installing: /home/collapsar/ws/install/example/share/example/local_setup.bash
[0.149s] -- Installing: /home/collapsar/ws/install/example/share/example/local_setup.sh
[0.149s] -- Installing: /home/collapsar/ws/install/example/share/example/local_setup.zsh
[0.149s] -- Installing: /home/collapsar/ws/install/example/share/example/local_setup.dsv
[0.150s] -- Installing: /home/collapsar/ws/install/example/share/example/package.dsv
[0.150s] -- Installing: /home/collapsar/ws/install/example/share/ament_index/resource_index/packages/example
[0.150s] -- Installing: /home/collapsar/ws/install/example/share/example/cmake/exampleConfig.cmake
[0.150s] -- Installing: /home/collapsar/ws/install/example/share/example/cmake/exampleConfig-version.cmake
[0.150s] -- Installing: /home/collapsar/ws/install/example/share/example/package.xml
[0.150s] Invoked command in '/home/collapsar/ws/build/example' returned '0': CMAKE_PREFIX_PATH=/opt/ros/humble /usr/bin/cmake --install /home/collapsar/ws/build/example
