[0.008s] Invoking command in '/home/collapsar/ws/build/example': CMAKE_PREFIX_PATH=/opt/ros/humble /usr/bin/cmake --build /home/collapsar/ws/build/example -- -j32 -l32
[0.022s] -- Found ament_cmake: 1.3.11 (/opt/ros/humble/share/ament_cmake/cmake)
[0.094s] -- Found rclcpp: 16.0.11 (/opt/ros/humble/share/rclcpp/cmake)
[0.253s] -- Found rosidl_generator_c: 3.1.6 (/opt/ros/humble/share/rosidl_generator_c/cmake)
[0.254s] -- Found rosidl_adapter: 3.1.6 (/opt/ros/humble/share/rosidl_adapter/cmake)
[0.258s] -- Found rosidl_generator_cpp: 3.1.6 (/opt/ros/humble/share/rosidl_generator_cpp/cmake)
[0.263s] -- Using all available rosidl_typesupport_c: rosidl_typesupport_fastrtps_c;rosidl_typesupport_introspection_c
[0.269s] -- Using all available rosidl_typesupport_cpp: rosidl_typesupport_fastrtps_cpp;rosidl_typesupport_introspection_cpp
[0.287s] -- Found rmw_implementation_cmake: 6.1.2 (/opt/ros/humble/share/rmw_implementation_cmake/cmake)
[0.288s] -- Found rmw_fastrtps_cpp: 6.2.7 (/opt/ros/humble/share/rmw_fastrtps_cpp/cmake)
[5.443s] -- Using RMW implementation 'rmw_fastrtps_cpp' as default
[5.474s] -- Found ament_lint_auto: 0.12.11 (/opt/ros/humble/share/ament_lint_auto/cmake)
[5.514s] -- Added test 'cppcheck' to perform static code analysis on C / C++ code
[5.514s] -- Configured cppcheck include dirs: /home/collapsar/ws/src/example/include
[5.514s] -- Configured cppcheck exclude dirs and/or files: 
[5.514s] -- Added test 'lint_cmake' to check CMake code style
[5.514s] -- Added test 'uncrustify' to check C / C++ code style
[5.514s] -- Configured uncrustify additional arguments: 
[5.514s] -- Added test 'xmllint' to check XML markup files
[5.515s] -- Configuring done
[5.522s] -- Generating done
[5.526s] -- Build files have been written to: /home/collapsar/ws/build/example
[5.540s] [35m[1mConsolidate compiler generated dependencies of target talker_listener[0m
[5.549s] [ 50%] [32mBuilding CXX object CMakeFiles/talker_listener.dir/src/talker_listener.cpp.o[0m
[7.384s] [01m[K/home/collapsar/ws/src/example/src/talker_listener.cpp:[m[K In function ‘[01m[Kint main(int, char**)[m[K’:
[7.385s] [01m[K/home/collapsar/ws/src/example/src/talker_listener.cpp:5:14:[m[K [01;35m[Kwarning: [m[Kunused parameter ‘[01m[Kargc[m[K’ [[01;35m[K]8;;https://gcc.gnu.org/onlinedocs/gcc/Warning-Options.html#index-Wunused-parameter-Wunused-parameter]8;;[m[K]
[7.385s]     5 | int main([01;35m[Kint argc[m[K,char **argv)
[7.385s]       |          [01;35m[K~~~~^~~~[m[K
[7.385s] [01m[K/home/collapsar/ws/src/example/src/talker_listener.cpp:5:26:[m[K [01;35m[Kwarning: [m[Kunused parameter ‘[01m[Kargv[m[K’ [[01;35m[K]8;;https://gcc.gnu.org/onlinedocs/gcc/Warning-Options.html#index-Wunused-parameter-Wunused-parameter]8;;[m[K]
[7.385s]     5 | int main(int argc,[01;35m[Kchar **argv[m[K)
[7.385s]       |                   [01;35m[K~~~~~~~^~~~[m[K
[8.052s] [100%] [32m[1mLinking CXX executable talker_listener[0m
[8.210s] [100%] Built target talker_listener
[8.217s] Invoked command in '/home/collapsar/ws/build/example' returned '0': CMAKE_PREFIX_PATH=/opt/ros/humble /usr/bin/cmake --build /home/collapsar/ws/build/example -- -j32 -l32
[8.224s] Invoking command in '/home/collapsar/ws/build/example': CMAKE_PREFIX_PATH=/opt/ros/humble /usr/bin/cmake --install /home/collapsar/ws/build/example
[8.227s] -- Install configuration: "RelWithDebInfo"
[8.227s] -- Up-to-date: /home/collapsar/ws/install/example/share/ament_index/resource_index/package_run_dependencies/example
[8.227s] -- Up-to-date: /home/collapsar/ws/install/example/share/ament_index/resource_index/parent_prefix_path/example
[8.227s] -- Up-to-date: /home/collapsar/ws/install/example/share/example/environment/ament_prefix_path.sh
[8.227s] -- Installing: /home/collapsar/ws/install/example/share/example/environment/ament_prefix_path.dsv
[8.227s] -- Up-to-date: /home/collapsar/ws/install/example/share/example/environment/path.sh
[8.227s] -- Installing: /home/collapsar/ws/install/example/share/example/environment/path.dsv
[8.227s] -- Up-to-date: /home/collapsar/ws/install/example/share/example/local_setup.bash
[8.227s] -- Up-to-date: /home/collapsar/ws/install/example/share/example/local_setup.sh
[8.227s] -- Up-to-date: /home/collapsar/ws/install/example/share/example/local_setup.zsh
[8.227s] -- Installing: /home/collapsar/ws/install/example/share/example/local_setup.dsv
[8.227s] -- Installing: /home/collapsar/ws/install/example/share/example/package.dsv
[8.227s] -- Up-to-date: /home/collapsar/ws/install/example/share/ament_index/resource_index/packages/example
[8.227s] -- Up-to-date: /home/collapsar/ws/install/example/share/example/cmake/exampleConfig.cmake
[8.228s] -- Up-to-date: /home/collapsar/ws/install/example/share/example/cmake/exampleConfig-version.cmake
[8.228s] -- Up-to-date: /home/collapsar/ws/install/example/share/example/package.xml
[8.229s] Invoked command in '/home/collapsar/ws/build/example' returned '0': CMAKE_PREFIX_PATH=/opt/ros/humble /usr/bin/cmake --install /home/collapsar/ws/build/example
